12/10/2012 3:35:38 PM	This log contains information about the import schema operation into project 'IptoHostname' on computer 'MOONSTONE-PC' by user 'valentin'.
12/10/2012 3:35:38 PM	Import of database schema has started.
12/10/2012 3:35:44 PM	Gathering database options
12/10/2012 3:35:44 PM	Gathering users
12/10/2012 3:35:44 PM	Gathering roles
12/10/2012 3:35:44 PM	Gathering application roles
12/10/2012 3:35:44 PM	Gathering role memberships
12/10/2012 3:35:44 PM	Gathering filegroups
12/10/2012 3:35:44 PM	Gathering full-text catalogs
12/10/2012 3:35:44 PM	Gathering assemblies
12/10/2012 3:35:44 PM	Gathering certificates
12/10/2012 3:35:44 PM	Gathering asymmetric keys
12/10/2012 3:35:44 PM	Gathering symmetric keys
12/10/2012 3:35:45 PM	Gathering encrypted symmetric keys
12/10/2012 3:35:45 PM	Gathering schemas
12/10/2012 3:35:45 PM	Gathering XML schema collections
12/10/2012 3:35:45 PM	Gathering user-defined data types
12/10/2012 3:35:45 PM	Gathering user-defined types
12/10/2012 3:35:45 PM	Gathering table types
12/10/2012 3:35:45 PM	Gathering unique keys for table types
12/10/2012 3:35:45 PM	Gathering primary keys for table types
12/10/2012 3:35:45 PM	Gathering check constraints for table types
12/10/2012 3:35:45 PM	Gathering default constraints for table types
12/10/2012 3:35:45 PM	Gathering partition functions
12/10/2012 3:35:45 PM	Gathering partition schemes
12/10/2012 3:35:45 PM	Gathering functions
12/10/2012 3:35:45 PM	Gathering encrypted functions
12/10/2012 3:35:45 PM	Gathering aggregates
12/10/2012 3:35:45 PM	Gathering procedures
12/10/2012 3:35:45 PM	Gathering encrypted procedures
12/10/2012 3:35:45 PM	Gathering tables
12/10/2012 3:35:45 PM	Gathering primary keys
12/10/2012 3:35:45 PM	Gathering unique constraints
12/10/2012 3:35:45 PM	Gathering foreign keys
12/10/2012 3:35:45 PM	Gathering default constraints
12/10/2012 3:35:45 PM	Gathering check constraints
12/10/2012 3:35:45 PM	Gathering views
12/10/2012 3:35:45 PM	Gathering encrypted views
12/10/2012 3:35:45 PM	Gathering indexes
12/10/2012 3:35:45 PM	Gathering statistics
12/10/2012 3:35:45 PM	Gathering full-text index stoplists
12/10/2012 3:35:45 PM	Gathering full-text indexes
12/10/2012 3:35:45 PM	Gathering spatial indexes
12/10/2012 3:35:45 PM	Gathering XML indexes
12/10/2012 3:35:45 PM	Gathering encrypted triggers
12/10/2012 3:35:45 PM	Gathering triggers
12/10/2012 3:35:45 PM	Gathering encrypted and clr ddl triggers
12/10/2012 3:35:45 PM	Gathering ddl triggers
12/10/2012 3:35:45 PM	Gathering synonyms
12/10/2012 3:35:45 PM	Gathering defaults
12/10/2012 3:35:45 PM	Gathering data constraint uddt bindings
12/10/2012 3:35:45 PM	Gathering rules
12/10/2012 3:35:45 PM	Gathering data constraint uddt bindings
12/10/2012 3:35:45 PM	Gathering message types
12/10/2012 3:35:45 PM	Gathering queues
12/10/2012 3:35:45 PM	Gathering contracts
12/10/2012 3:35:45 PM	Gathering services
12/10/2012 3:35:45 PM	Gathering event notifications
12/10/2012 3:35:45 PM	Gathering remote service bindings
12/10/2012 3:35:45 PM	Gathering broker priorities
12/10/2012 3:35:45 PM	Gathering signatures
12/10/2012 3:35:45 PM	Gathering data compression options
12/10/2012 3:35:45 PM	Gathering extended properties
12/10/2012 3:35:45 PM	Gathering credentials
12/10/2012 3:35:45 PM	Gathering logins
12/10/2012 3:35:45 PM	Gathering server audits
12/10/2012 3:35:46 PM	Scanning project for duplicate elements
12/10/2012 3:35:46 PM	Finished duplicate element processing
12/10/2012 3:35:46 PM	Finished importing database.
12/10/2012 3:35:46 PM	A summary of the import was saved to the following location: f:\dev_2012\IptoHostname\IptoHostname\Import Schema Logs\IptoHostname_20121210113538.log
12/10/2012 3:35:46 PM	Click Finish to continue...
